[ { source: { fs: [Object], pkg: [Object] },
    mojit: 'shared',
    type: 'addon',
    subtype: 'ac',
    affinity: { affinity: 'common' },
    selector: '*',
    name: 'analytics',
    id: 'addon-ac-analytics',
    yui: 
     { name: 'mojito-analytics-addon',
       version: '0.1.0',
       meta: [Object] },
    url: '/static/mojito/addons/ac/analytics.common.js' },
  { source: { fs: [Object], pkg: [Object] },
    mojit: 'shared',
    type: 'addon',
    subtype: 'ac',
    affinity: { affinity: 'common' },
    selector: '*',
    name: 'assets',
    id: 'addon-ac-assets',
    yui: { name: 'mojito-assets-addon', version: '0.1.0', meta: [Object] },
    url: '/static/mojito/addons/ac/assets.common.js' },
  { source: { fs: [Object], pkg: [Object] },
    mojit: 'shared',
    type: 'addon',
    subtype: 'ac',
    affinity: { affinity: 'server' },
    selector: '*',
    name: 'carrier',
    id: 'addon-ac-carrier',
    yui: 
     { name: 'mojito-carrier-addon',
       version: '0.1.0',
       meta: [Object] },
    url: '/static/mojito/addons/ac/carrier.server.js' },
  { source: { fs: [Object], pkg: [Object] },
    mojit: 'shared',
    type: 'addon',
    subtype: 'ac',
    affinity: { affinity: 'common' },
    selector: '*',
    name: 'composite',
    id: 'addon-ac-composite',
    yui: 
     { name: 'mojito-composite-addon',
       version: '0.1.0',
       meta: [Object] },
    url: '/static/mojito/addons/ac/composite.common.js' },
  { source: { fs: [Object], pkg: [Object] },
    mojit: 'shared',
    type: 'addon',
    subtype: 'ac',
    affinity: { affinity: 'common' },
    selector: '*',
    name: 'config',
    id: 'addon-ac-config',
    yui: { name: 'mojito-config-addon', version: '0.1.0', meta: [Object] },
    url: '/static/mojito/addons/ac/config.common.js' },
  { source: { fs: [Object], pkg: [Object] },
    mojit: 'shared',
    type: 'addon',
    subtype: 'ac',
    affinity: { affinity: 'server' },
    selector: '*',
    name: 'cookie',
    id: 'addon-ac-cookie',
    yui: { name: 'mojito-cookie-addon', version: '0.1.0', meta: [Object] },
    url: '/static/mojito/addons/ac/cookie.server.js' },
  { source: { fs: [Object], pkg: [Object] },
    mojit: 'shared',
    type: 'addon',
    subtype: 'ac',
    affinity: { affinity: 'server' },
    selector: '*',
    name: 'deploy',
    id: 'addon-ac-deploy',
    yui: { name: 'mojito-deploy-addon', version: '0.1.0', meta: [Object] },
    url: '/static/mojito/addons/ac/deploy.server.js' },
  { source: { fs: [Object], pkg: [Object] },
    mojit: 'shared',
    type: 'addon',
    subtype: 'ac',
    affinity: { affinity: 'server' },
    selector: '*',
    name: 'device',
    id: 'addon-ac-device',
    yui: { name: 'mojito-device-addon', version: '0.1.0', meta: [Object] },
    url: '/static/mojito/addons/ac/device.server.js' },
  { source: { fs: [Object], pkg: [Object] },
    mojit: 'shared',
    type: 'addon',
    subtype: 'ac',
    affinity: { affinity: 'server' },
    selector: '*',
    name: 'http',
    id: 'addon-ac-http',
    yui: { name: 'mojito-http-addon', version: '0.1.0', meta: [Object] },
    url: '/static/mojito/addons/ac/http.server.js' },
  { source: { fs: [Object], pkg: [Object] },
    mojit: 'shared',
    type: 'addon',
    subtype: 'ac',
    affinity: { affinity: 'common' },
    selector: '*',
    name: 'intl',
    id: 'addon-ac-intl',
    yui: { name: 'mojito-intl-addon', version: '0.1.0', meta: [Object] },
    url: '/static/mojito/addons/ac/intl.common.js' },
  { source: { fs: [Object], pkg: [Object] },
    mojit: 'shared',
    type: 'addon',
    subtype: 'ac',
    affinity: { affinity: 'common' },
    selector: '*',
    name: 'meta',
    id: 'addon-ac-meta',
    yui: { name: 'mojito-meta-addon', version: '0.1.0', meta: [Object] },
    url: '/static/mojito/addons/ac/meta.common.js' },
  { source: { fs: [Object], pkg: [Object] },
    mojit: 'shared',
    type: 'addon',
    subtype: 'ac',
    affinity: { affinity: 'common' },
    selector: '*',
    name: 'models',
    id: 'addon-ac-models',
    yui: { name: 'mojito-models-addon', version: '0.1.0', meta: [Object] },
    url: '/static/mojito/addons/ac/models.common.js' },
  { source: { fs: [Object], pkg: [Object] },
    mojit: 'shared',
    type: 'addon',
    subtype: 'ac',
    affinity: { affinity: 'common' },
    selector: '*',
    name: 'output-adapter',
    id: 'addon-ac-output-adapter',
    yui: 
     { name: 'mojito-output-adapter-addon',
       version: '0.1.0',
       meta: [Object] },
    url: '/static/mojito/addons/ac/output-adapter.common.js' },
  { source: { fs: [Object], pkg: [Object] },
    mojit: 'shared',
    type: 'addon',
    subtype: 'ac',
    affinity: { affinity: 'common' },
    selector: '*',
    name: 'params',
    id: 'addon-ac-params',
    yui: { name: 'mojito-params-addon', version: '0.1.0', meta: [Object] },
    url: '/static/mojito/addons/ac/params.common.js' },
  { source: { fs: [Object], pkg: [Object] },
    mojit: 'shared',
    type: 'addon',
    subtype: 'ac',
    affinity: { affinity: 'common' },
    selector: '*',
    name: 'partial',
    id: 'addon-ac-partial',
    yui: 
     { name: 'mojito-partial-addon',
       version: '0.1.0',
       meta: [Object] },
    url: '/static/mojito/addons/ac/partial.common.js' },
  { source: { fs: [Object], pkg: [Object] },
    mojit: 'shared',
    type: 'addon',
    subtype: 'ac',
    affinity: { affinity: 'common' },
    selector: '*',
    name: 'url',
    id: 'addon-ac-url',
    yui: { name: 'mojito-url-addon', version: '0.1.0', meta: [Object] },
    url: '/static/mojito/addons/ac/url.common.js' },
  { source: { fs: [Object], pkg: [Object] },
    mojit: 'shared',
    type: 'addon',
    subtype: 'view-engines',
    affinity: { affinity: 'server' },
    selector: '*',
    name: 'hb',
    id: 'addon-view-engines-hb',
    yui: { name: 'mojito-hb', version: '0.1.0', meta: [Object] },
    url: '/static/mojito/addons/view-engines/hb.server.js' },
  { source: { fs: [Object], pkg: [Object] },
    mojit: 'shared',
    type: 'addon',
    subtype: 'view-engines',
    affinity: { affinity: 'server' },
    selector: '*',
    name: 'mu',
    id: 'addon-view-engines-mu',
    yui: { name: 'mojito-mu', version: '0.1.0', meta: [Object] },
    url: '/static/mojito/addons/view-engines/mu.server.js' },
  { source: { fs: [Object], pkg: [Object] },
    mojit: 'shared',
    type: 'asset',
    subtype: 'ico',
    affinity: { affinity: 'common' },
    selector: '*',
    name: 'favicon',
    id: 'asset-ico-favicon',
    url: '/static/mojito/assets/favicon.ico' },
  { source: { fs: [Object], pkg: [Object] },
    mojit: 'shared',
    type: 'yui-module',
    affinity: { affinity: 'common' },
    selector: '*',
    yui: 
     { name: 'mojito-action-context',
       version: '0.1.0',
       meta: [Object] },
    name: 'mojito-action-context',
    id: 'yui-module--mojito-action-context',
    url: '/static/mojito/autoload/action-context.common.js' },
  { source: { fs: [Object], pkg: [Object] },
    mojit: 'shared',
    type: 'yui-module',
    affinity: { affinity: 'common' },
    selector: '*',
    yui: 
     { name: 'mojito-controller-context',
       version: '0.1.0',
       meta: [Object] },
    name: 'mojito-controller-context',
    id: 'yui-module--mojito-controller-context',
    url: '/static/mojito/autoload/controller-context.common.js' },
  { source: { fs: [Object], pkg: [Object] },
    mojit: 'shared',
    type: 'yui-module',
    affinity: { affinity: 'common' },
    selector: '*',
    yui: { name: 'mojito-dispatcher', version: '0.1.0', meta: [Object] },
    name: 'mojito-dispatcher',
    id: 'yui-module--mojito-dispatcher',
    url: '/static/mojito/autoload/dispatch.common.js' },
  { source: { fs: [Object], pkg: [Object] },
    mojit: 'shared',
    type: 'yui-module',
    affinity: { affinity: 'common' },
    selector: '*',
    yui: { name: 'mojito-loader', version: '0.1.0', meta: [Object] },
    name: 'mojito-loader',
    id: 'yui-module--mojito-loader',
    url: '/static/mojito/autoload/loader.common.js' },
  { source: { fs: [Object], pkg: [Object] },
    mojit: 'shared',
    type: 'yui-module',
    affinity: { affinity: 'common' },
    selector: '*',
    yui: { name: 'mojito-logger', version: '0.1.0', meta: [Object] },
    name: 'mojito-logger',
    id: 'yui-module--mojito-logger',
    url: '/static/mojito/autoload/logger.common.js' },
  { source: { fs: [Object], pkg: [Object] },
    mojit: 'shared',
    type: 'yui-module',
    affinity: { affinity: 'common' },
    selector: '*',
    yui: { name: 'mojito-test', version: '0.1.0', meta: [Object] },
    name: 'mojito-test',
    id: 'yui-module--mojito-test',
    url: '/static/mojito/autoload/mojito-test.common.js' },
  { source: { fs: [Object], pkg: [Object] },
    mojit: 'shared',
    type: 'yui-module',
    affinity: { affinity: 'common' },
    selector: '*',
    yui: { name: 'mojito', version: '0.1.0', meta: [Object] },
    name: 'mojito',
    id: 'yui-module--mojito',
    url: '/static/mojito/autoload/mojito.common.js' },
  { source: { fs: [Object], pkg: [Object] },
    mojit: 'shared',
    type: 'yui-module',
    affinity: { affinity: 'server' },
    selector: '*',
    yui: { name: 'mojito-perf', version: undefined, meta: [Object] },
    name: 'mojito-perf',
    id: 'yui-module--mojito-perf',
    url: '/static/mojito/autoload/perf.server.js' },
  { source: { fs: [Object], pkg: [Object] },
    mojit: 'shared',
    type: 'yui-module',
    affinity: { affinity: 'common' },
    selector: '*',
    yui: 
     { name: 'mojito-resource-store-adapter',
       version: '0.1.0',
       meta: [Object] },
    name: 'mojito-resource-store-adapter',
    id: 'yui-module--mojito-resource-store-adapter',
    url: '/static/mojito/autoload/resource-store-adapter.common.js' },
  { source: { fs: [Object], pkg: [Object] },
    mojit: 'shared',
    type: 'yui-module',
    affinity: { affinity: 'common' },
    selector: '*',
    yui: { name: 'mojito-rest-lib', version: '0.1.0', meta: [Object] },
    name: 'mojito-rest-lib',
    id: 'yui-module--mojito-rest-lib',
    url: '/static/mojito/autoload/rest.common.js' },
  { source: { fs: [Object], pkg: [Object] },
    mojit: 'shared',
    type: 'yui-module',
    affinity: { affinity: 'common' },
    selector: '*',
    yui: { name: 'mojito-route-maker', version: '0.1.0', meta: [Object] },
    name: 'mojito-route-maker',
    id: 'yui-module--mojito-route-maker',
    url: '/static/mojito/autoload/route-maker.common.js' },
  { source: { fs: [Object], pkg: [Object] },
    mojit: 'shared',
    type: 'yui-module',
    affinity: { affinity: 'server' },
    selector: '*',
    yui: { name: 'app-timer-util', version: '0.0.1', meta: [Object] },
    name: 'app-timer-util',
    id: 'yui-module--app-timer-util',
    url: '/static/mojito/autoload/timer-util.server.js' },
  { source: { fs: [Object], pkg: [Object] },
    mojit: 'shared',
    type: 'yui-module',
    affinity: { affinity: 'common' },
    selector: '*',
    yui: { name: 'mojito-util', version: '0.1.0', meta: [Object] },
    name: 'mojito-util',
    id: 'yui-module--mojito-util',
    url: '/static/mojito/autoload/util.common.js' },
  { source: { fs: [Object], pkg: [Object] },
    mojit: 'shared',
    type: 'yui-module',
    affinity: { affinity: 'common' },
    selector: '*',
    yui: 
     { name: 'mojito-view-renderer',
       version: '0.1.0',
       meta: [Object] },
    name: 'mojito-view-renderer',
    id: 'yui-module--mojito-view-renderer',
    url: '/static/mojito/autoload/view-renderer.common.js' },
  { source: { fs: [Object], pkg: [Object] },
    mojit: 'DummyMojit',
    type: 'controller',
    subtype: undefined,
    affinity: { affinity: 'server' },
    selector: '*',
    name: 'controller',
    id: 'controller--controller',
    yui: { name: 'DummyMojit', version: '0.0.1', meta: [Object] },
    url: '/static/DummyMojit/controller.server.js' },
  { source: { fs: [Object], pkg: [Object] },
    mojit: 'DummyMojit',
    type: 'view',
    subtype: undefined,
    view: { outputFormat: 'html', engine: 'hb' },
    affinity: { affinity: 'common' },
    selector: '*',
    name: 'index',
    id: 'view--index',
    url: '/static/DummyMojit/views/index.hb.html' } ]
-----------
[]
[ { source: { fs: [Object], pkg: [Object] },
    mojit: 'shared',
    type: 'addon',
    subtype: 'ac',
    affinity: { affinity: 'common' },
    selector: '*',
    name: 'analytics',
    id: 'addon-ac-analytics',
    yui: 
     { name: 'mojito-analytics-addon',
       version: '0.1.0',
       meta: [Object] },
    url: '/static/mojito/addons/ac/analytics.common.js' },
  { source: { fs: [Object], pkg: [Object] },
    mojit: 'shared',
    type: 'addon',
    subtype: 'ac',
    affinity: { affinity: 'common' },
    selector: '*',
    name: 'assets',
    id: 'addon-ac-assets',
    yui: { name: 'mojito-assets-addon', version: '0.1.0', meta: [Object] },
    url: '/static/mojito/addons/ac/assets.common.js' },
  { source: { fs: [Object], pkg: [Object] },
    mojit: 'shared',
    type: 'addon',
    subtype: 'ac',
    affinity: { affinity: 'server' },
    selector: '*',
    name: 'carrier',
    id: 'addon-ac-carrier',
    yui: 
     { name: 'mojito-carrier-addon',
       version: '0.1.0',
       meta: [Object] },
    url: '/static/mojito/addons/ac/carrier.server.js' },
  { source: { fs: [Object], pkg: [Object] },
    mojit: 'shared',
    type: 'addon',
    subtype: 'ac',
    affinity: { affinity: 'common' },
    selector: '*',
    name: 'composite',
    id: 'addon-ac-composite',
    yui: 
     { name: 'mojito-composite-addon',
       version: '0.1.0',
       meta: [Object] },
    url: '/static/mojito/addons/ac/composite.common.js' },
  { source: { fs: [Object], pkg: [Object] },
    mojit: 'shared',
    type: 'addon',
    subtype: 'ac',
    affinity: { affinity: 'common' },
    selector: '*',
    name: 'config',
    id: 'addon-ac-config',
    yui: { name: 'mojito-config-addon', version: '0.1.0', meta: [Object] },
    url: '/static/mojito/addons/ac/config.common.js' },
  { source: { fs: [Object], pkg: [Object] },
    mojit: 'shared',
    type: 'addon',
    subtype: 'ac',
    affinity: { affinity: 'server' },
    selector: '*',
    name: 'cookie',
    id: 'addon-ac-cookie',
    yui: { name: 'mojito-cookie-addon', version: '0.1.0', meta: [Object] },
    url: '/static/mojito/addons/ac/cookie.server.js' },
  { source: { fs: [Object], pkg: [Object] },
    mojit: 'shared',
    type: 'addon',
    subtype: 'ac',
    affinity: { affinity: 'server' },
    selector: '*',
    name: 'deploy',
    id: 'addon-ac-deploy',
    yui: { name: 'mojito-deploy-addon', version: '0.1.0', meta: [Object] },
    url: '/static/mojito/addons/ac/deploy.server.js' },
  { source: { fs: [Object], pkg: [Object] },
    mojit: 'shared',
    type: 'addon',
    subtype: 'ac',
    affinity: { affinity: 'server' },
    selector: '*',
    name: 'device',
    id: 'addon-ac-device',
    yui: { name: 'mojito-device-addon', version: '0.1.0', meta: [Object] },
    url: '/static/mojito/addons/ac/device.server.js' },
  { source: { fs: [Object], pkg: [Object] },
    mojit: 'shared',
    type: 'addon',
    subtype: 'ac',
    affinity: { affinity: 'server' },
    selector: '*',
    name: 'http',
    id: 'addon-ac-http',
    yui: { name: 'mojito-http-addon', version: '0.1.0', meta: [Object] },
    url: '/static/mojito/addons/ac/http.server.js' },
  { source: { fs: [Object], pkg: [Object] },
    mojit: 'shared',
    type: 'addon',
    subtype: 'ac',
    affinity: { affinity: 'common' },
    selector: '*',
    name: 'intl',
    id: 'addon-ac-intl',
    yui: { name: 'mojito-intl-addon', version: '0.1.0', meta: [Object] },
    url: '/static/mojito/addons/ac/intl.common.js' },
  { source: { fs: [Object], pkg: [Object] },
    mojit: 'shared',
    type: 'addon',
    subtype: 'ac',
    affinity: { affinity: 'common' },
    selector: '*',
    name: 'meta',
    id: 'addon-ac-meta',
    yui: { name: 'mojito-meta-addon', version: '0.1.0', meta: [Object] },
    url: '/static/mojito/addons/ac/meta.common.js' },
  { source: { fs: [Object], pkg: [Object] },
    mojit: 'shared',
    type: 'addon',
    subtype: 'ac',
    affinity: { affinity: 'common' },
    selector: '*',
    name: 'models',
    id: 'addon-ac-models',
    yui: { name: 'mojito-models-addon', version: '0.1.0', meta: [Object] },
    url: '/static/mojito/addons/ac/models.common.js' },
  { source: { fs: [Object], pkg: [Object] },
    mojit: 'shared',
    type: 'addon',
    subtype: 'ac',
    affinity: { affinity: 'common' },
    selector: '*',
    name: 'output-adapter',
    id: 'addon-ac-output-adapter',
    yui: 
     { name: 'mojito-output-adapter-addon',
       version: '0.1.0',
       meta: [Object] },
    url: '/static/mojito/addons/ac/output-adapter.common.js' },
  { source: { fs: [Object], pkg: [Object] },
    mojit: 'shared',
    type: 'addon',
    subtype: 'ac',
    affinity: { affinity: 'common' },
    selector: '*',
    name: 'params',
    id: 'addon-ac-params',
    yui: { name: 'mojito-params-addon', version: '0.1.0', meta: [Object] },
    url: '/static/mojito/addons/ac/params.common.js' },
  { source: { fs: [Object], pkg: [Object] },
    mojit: 'shared',
    type: 'addon',
    subtype: 'ac',
    affinity: { affinity: 'common' },
    selector: '*',
    name: 'partial',
    id: 'addon-ac-partial',
    yui: 
     { name: 'mojito-partial-addon',
       version: '0.1.0',
       meta: [Object] },
    url: '/static/mojito/addons/ac/partial.common.js' },
  { source: { fs: [Object], pkg: [Object] },
    mojit: 'shared',
    type: 'addon',
    subtype: 'ac',
    affinity: { affinity: 'common' },
    selector: '*',
    name: 'url',
    id: 'addon-ac-url',
    yui: { name: 'mojito-url-addon', version: '0.1.0', meta: [Object] },
    url: '/static/mojito/addons/ac/url.common.js' },
  { source: { fs: [Object], pkg: [Object] },
    mojit: 'shared',
    type: 'addon',
    subtype: 'view-engines',
    affinity: { affinity: 'server' },
    selector: '*',
    name: 'hb',
    id: 'addon-view-engines-hb',
    yui: { name: 'mojito-hb', version: '0.1.0', meta: [Object] },
    url: '/static/mojito/addons/view-engines/hb.server.js' },
  { source: { fs: [Object], pkg: [Object] },
    mojit: 'shared',
    type: 'addon',
    subtype: 'view-engines',
    affinity: { affinity: 'server' },
    selector: '*',
    name: 'mu',
    id: 'addon-view-engines-mu',
    yui: { name: 'mojito-mu', version: '0.1.0', meta: [Object] },
    url: '/static/mojito/addons/view-engines/mu.server.js' },
  { source: { fs: [Object], pkg: [Object] },
    mojit: 'shared',
    type: 'asset',
    subtype: 'ico',
    affinity: { affinity: 'common' },
    selector: '*',
    name: 'favicon',
    id: 'asset-ico-favicon',
    url: '/static/mojito/assets/favicon.ico' },
  { source: { fs: [Object], pkg: [Object] },
    mojit: 'shared',
    type: 'yui-module',
    affinity: { affinity: 'common' },
    selector: '*',
    yui: 
     { name: 'mojito-action-context',
       version: '0.1.0',
       meta: [Object] },
    name: 'mojito-action-context',
    id: 'yui-module--mojito-action-context',
    url: '/static/mojito/autoload/action-context.common.js' },
  { source: { fs: [Object], pkg: [Object] },
    mojit: 'shared',
    type: 'yui-module',
    affinity: { affinity: 'common' },
    selector: '*',
    yui: 
     { name: 'mojito-controller-context',
       version: '0.1.0',
       meta: [Object] },
    name: 'mojito-controller-context',
    id: 'yui-module--mojito-controller-context',
    url: '/static/mojito/autoload/controller-context.common.js' },
  { source: { fs: [Object], pkg: [Object] },
    mojit: 'shared',
    type: 'yui-module',
    affinity: { affinity: 'common' },
    selector: '*',
    yui: { name: 'mojito-dispatcher', version: '0.1.0', meta: [Object] },
    name: 'mojito-dispatcher',
    id: 'yui-module--mojito-dispatcher',
    url: '/static/mojito/autoload/dispatch.common.js' },
  { source: { fs: [Object], pkg: [Object] },
    mojit: 'shared',
    type: 'yui-module',
    affinity: { affinity: 'common' },
    selector: '*',
    yui: { name: 'mojito-loader', version: '0.1.0', meta: [Object] },
    name: 'mojito-loader',
    id: 'yui-module--mojito-loader',
    url: '/static/mojito/autoload/loader.common.js' },
  { source: { fs: [Object], pkg: [Object] },
    mojit: 'shared',
    type: 'yui-module',
    affinity: { affinity: 'common' },
    selector: '*',
    yui: { name: 'mojito-logger', version: '0.1.0', meta: [Object] },
    name: 'mojito-logger',
    id: 'yui-module--mojito-logger',
    url: '/static/mojito/autoload/logger.common.js' },
  { source: { fs: [Object], pkg: [Object] },
    mojit: 'shared',
    type: 'yui-module',
    affinity: { affinity: 'common' },
    selector: '*',
    yui: { name: 'mojito-test', version: '0.1.0', meta: [Object] },
    name: 'mojito-test',
    id: 'yui-module--mojito-test',
    url: '/static/mojito/autoload/mojito-test.common.js' },
  { source: { fs: [Object], pkg: [Object] },
    mojit: 'shared',
    type: 'yui-module',
    affinity: { affinity: 'common' },
    selector: '*',
    yui: { name: 'mojito', version: '0.1.0', meta: [Object] },
    name: 'mojito',
    id: 'yui-module--mojito',
    url: '/static/mojito/autoload/mojito.common.js' },
  { source: { fs: [Object], pkg: [Object] },
    mojit: 'shared',
    type: 'yui-module',
    affinity: { affinity: 'server' },
    selector: '*',
    yui: { name: 'mojito-perf', version: undefined, meta: [Object] },
    name: 'mojito-perf',
    id: 'yui-module--mojito-perf',
    url: '/static/mojito/autoload/perf.server.js' },
  { source: { fs: [Object], pkg: [Object] },
    mojit: 'shared',
    type: 'yui-module',
    affinity: { affinity: 'common' },
    selector: '*',
    yui: 
     { name: 'mojito-resource-store-adapter',
       version: '0.1.0',
       meta: [Object] },
    name: 'mojito-resource-store-adapter',
    id: 'yui-module--mojito-resource-store-adapter',
    url: '/static/mojito/autoload/resource-store-adapter.common.js' },
  { source: { fs: [Object], pkg: [Object] },
    mojit: 'shared',
    type: 'yui-module',
    affinity: { affinity: 'common' },
    selector: '*',
    yui: { name: 'mojito-rest-lib', version: '0.1.0', meta: [Object] },
    name: 'mojito-rest-lib',
    id: 'yui-module--mojito-rest-lib',
    url: '/static/mojito/autoload/rest.common.js' },
  { source: { fs: [Object], pkg: [Object] },
    mojit: 'shared',
    type: 'yui-module',
    affinity: { affinity: 'common' },
    selector: '*',
    yui: { name: 'mojito-route-maker', version: '0.1.0', meta: [Object] },
    name: 'mojito-route-maker',
    id: 'yui-module--mojito-route-maker',
    url: '/static/mojito/autoload/route-maker.common.js' },
  { source: { fs: [Object], pkg: [Object] },
    mojit: 'shared',
    type: 'yui-module',
    affinity: { affinity: 'server' },
    selector: '*',
    yui: { name: 'app-timer-util', version: '0.0.1', meta: [Object] },
    name: 'app-timer-util',
    id: 'yui-module--app-timer-util',
    url: '/static/mojito/autoload/timer-util.server.js' },
  { source: { fs: [Object], pkg: [Object] },
    mojit: 'shared',
    type: 'yui-module',
    affinity: { affinity: 'common' },
    selector: '*',
    yui: { name: 'mojito-util', version: '0.1.0', meta: [Object] },
    name: 'mojito-util',
    id: 'yui-module--mojito-util',
    url: '/static/mojito/autoload/util.common.js' },
  { source: { fs: [Object], pkg: [Object] },
    mojit: 'shared',
    type: 'yui-module',
    affinity: { affinity: 'common' },
    selector: '*',
    yui: 
     { name: 'mojito-view-renderer',
       version: '0.1.0',
       meta: [Object] },
    name: 'mojito-view-renderer',
    id: 'yui-module--mojito-view-renderer',
    url: '/static/mojito/autoload/view-renderer.common.js' },
  { source: { fs: [Object], pkg: [Object] },
    mojit: 'MasterMojit',
    type: 'controller',
    subtype: undefined,
    affinity: { affinity: 'server' },
    selector: '*',
    name: 'controller',
    id: 'controller--controller',
    yui: { name: 'MasterMojit', version: '0.0.1', meta: [Object] },
    url: '/static/MasterMojit/controller.server.js' },
  { source: { fs: [Object], pkg: [Object] },
    mojit: 'MasterMojit',
    type: 'view',
    subtype: undefined,
    view: { outputFormat: 'html', engine: 'hb' },
    affinity: { affinity: 'common' },
    selector: '*',
    name: 'index',
    id: 'view--index',
    url: '/static/MasterMojit/views/index.hb.html' } ]
-----------
[]
[ { source: { fs: [Object], pkg: [Object] },
    mojit: 'shared',
    type: 'addon',
    subtype: 'ac',
    affinity: { affinity: 'common' },
    selector: '*',
    name: 'analytics',
    id: 'addon-ac-analytics',
    yui: 
     { name: 'mojito-analytics-addon',
       version: '0.1.0',
       meta: [Object] },
    url: '/static/mojito/addons/ac/analytics.common.js' },
  { source: { fs: [Object], pkg: [Object] },
    mojit: 'shared',
    type: 'addon',
    subtype: 'ac',
    affinity: { affinity: 'common' },
    selector: '*',
    name: 'assets',
    id: 'addon-ac-assets',
    yui: { name: 'mojito-assets-addon', version: '0.1.0', meta: [Object] },
    url: '/static/mojito/addons/ac/assets.common.js' },
  { source: { fs: [Object], pkg: [Object] },
    mojit: 'shared',
    type: 'addon',
    subtype: 'ac',
    affinity: { affinity: 'server' },
    selector: '*',
    name: 'carrier',
    id: 'addon-ac-carrier',
    yui: 
     { name: 'mojito-carrier-addon',
       version: '0.1.0',
       meta: [Object] },
    url: '/static/mojito/addons/ac/carrier.server.js' },
  { source: { fs: [Object], pkg: [Object] },
    mojit: 'shared',
    type: 'addon',
    subtype: 'ac',
    affinity: { affinity: 'common' },
    selector: '*',
    name: 'composite',
    id: 'addon-ac-composite',
    yui: 
     { name: 'mojito-composite-addon',
       version: '0.1.0',
       meta: [Object] },
    url: '/static/mojito/addons/ac/composite.common.js' },
  { source: { fs: [Object], pkg: [Object] },
    mojit: 'shared',
    type: 'addon',
    subtype: 'ac',
    affinity: { affinity: 'common' },
    selector: '*',
    name: 'config',
    id: 'addon-ac-config',
    yui: { name: 'mojito-config-addon', version: '0.1.0', meta: [Object] },
    url: '/static/mojito/addons/ac/config.common.js' },
  { source: { fs: [Object], pkg: [Object] },
    mojit: 'shared',
    type: 'addon',
    subtype: 'ac',
    affinity: { affinity: 'server' },
    selector: '*',
    name: 'cookie',
    id: 'addon-ac-cookie',
    yui: { name: 'mojito-cookie-addon', version: '0.1.0', meta: [Object] },
    url: '/static/mojito/addons/ac/cookie.server.js' },
  { source: { fs: [Object], pkg: [Object] },
    mojit: 'shared',
    type: 'addon',
    subtype: 'ac',
    affinity: { affinity: 'server' },
    selector: '*',
    name: 'deploy',
    id: 'addon-ac-deploy',
    yui: { name: 'mojito-deploy-addon', version: '0.1.0', meta: [Object] },
    url: '/static/mojito/addons/ac/deploy.server.js' },
  { source: { fs: [Object], pkg: [Object] },
    mojit: 'shared',
    type: 'addon',
    subtype: 'ac',
    affinity: { affinity: 'server' },
    selector: '*',
    name: 'device',
    id: 'addon-ac-device',
    yui: { name: 'mojito-device-addon', version: '0.1.0', meta: [Object] },
    url: '/static/mojito/addons/ac/device.server.js' },
  { source: { fs: [Object], pkg: [Object] },
    mojit: 'shared',
    type: 'addon',
    subtype: 'ac',
    affinity: { affinity: 'server' },
    selector: '*',
    name: 'http',
    id: 'addon-ac-http',
    yui: { name: 'mojito-http-addon', version: '0.1.0', meta: [Object] },
    url: '/static/mojito/addons/ac/http.server.js' },
  { source: { fs: [Object], pkg: [Object] },
    mojit: 'shared',
    type: 'addon',
    subtype: 'ac',
    affinity: { affinity: 'common' },
    selector: '*',
    name: 'intl',
    id: 'addon-ac-intl',
    yui: { name: 'mojito-intl-addon', version: '0.1.0', meta: [Object] },
    url: '/static/mojito/addons/ac/intl.common.js' },
  { source: { fs: [Object], pkg: [Object] },
    mojit: 'shared',
    type: 'addon',
    subtype: 'ac',
    affinity: { affinity: 'common' },
    selector: '*',
    name: 'meta',
    id: 'addon-ac-meta',
    yui: { name: 'mojito-meta-addon', version: '0.1.0', meta: [Object] },
    url: '/static/mojito/addons/ac/meta.common.js' },
  { source: { fs: [Object], pkg: [Object] },
    mojit: 'shared',
    type: 'addon',
    subtype: 'ac',
    affinity: { affinity: 'common' },
    selector: '*',
    name: 'models',
    id: 'addon-ac-models',
    yui: { name: 'mojito-models-addon', version: '0.1.0', meta: [Object] },
    url: '/static/mojito/addons/ac/models.common.js' },
  { source: { fs: [Object], pkg: [Object] },
    mojit: 'shared',
    type: 'addon',
    subtype: 'ac',
    affinity: { affinity: 'common' },
    selector: '*',
    name: 'output-adapter',
    id: 'addon-ac-output-adapter',
    yui: 
     { name: 'mojito-output-adapter-addon',
       version: '0.1.0',
       meta: [Object] },
    url: '/static/mojito/addons/ac/output-adapter.common.js' },
  { source: { fs: [Object], pkg: [Object] },
    mojit: 'shared',
    type: 'addon',
    subtype: 'ac',
    affinity: { affinity: 'common' },
    selector: '*',
    name: 'params',
    id: 'addon-ac-params',
    yui: { name: 'mojito-params-addon', version: '0.1.0', meta: [Object] },
    url: '/static/mojito/addons/ac/params.common.js' },
  { source: { fs: [Object], pkg: [Object] },
    mojit: 'shared',
    type: 'addon',
    subtype: 'ac',
    affinity: { affinity: 'common' },
    selector: '*',
    name: 'partial',
    id: 'addon-ac-partial',
    yui: 
     { name: 'mojito-partial-addon',
       version: '0.1.0',
       meta: [Object] },
    url: '/static/mojito/addons/ac/partial.common.js' },
  { source: { fs: [Object], pkg: [Object] },
    mojit: 'shared',
    type: 'addon',
    subtype: 'ac',
    affinity: { affinity: 'common' },
    selector: '*',
    name: 'url',
    id: 'addon-ac-url',
    yui: { name: 'mojito-url-addon', version: '0.1.0', meta: [Object] },
    url: '/static/mojito/addons/ac/url.common.js' },
  { source: { fs: [Object], pkg: [Object] },
    mojit: 'shared',
    type: 'addon',
    subtype: 'view-engines',
    affinity: { affinity: 'server' },
    selector: '*',
    name: 'hb',
    id: 'addon-view-engines-hb',
    yui: { name: 'mojito-hb', version: '0.1.0', meta: [Object] },
    url: '/static/mojito/addons/view-engines/hb.server.js' },
  { source: { fs: [Object], pkg: [Object] },
    mojit: 'shared',
    type: 'addon',
    subtype: 'view-engines',
    affinity: { affinity: 'server' },
    selector: '*',
    name: 'mu',
    id: 'addon-view-engines-mu',
    yui: { name: 'mojito-mu', version: '0.1.0', meta: [Object] },
    url: '/static/mojito/addons/view-engines/mu.server.js' },
  { source: { fs: [Object], pkg: [Object] },
    mojit: 'shared',
    type: 'asset',
    subtype: 'ico',
    affinity: { affinity: 'common' },
    selector: '*',
    name: 'favicon',
    id: 'asset-ico-favicon',
    url: '/static/mojito/assets/favicon.ico' },
  { source: { fs: [Object], pkg: [Object] },
    mojit: 'shared',
    type: 'yui-module',
    affinity: { affinity: 'common' },
    selector: '*',
    yui: 
     { name: 'mojito-action-context',
       version: '0.1.0',
       meta: [Object] },
    name: 'mojito-action-context',
    id: 'yui-module--mojito-action-context',
    url: '/static/mojito/autoload/action-context.common.js' },
  { source: { fs: [Object], pkg: [Object] },
    mojit: 'shared',
    type: 'yui-module',
    affinity: { affinity: 'common' },
    selector: '*',
    yui: 
     { name: 'mojito-controller-context',
       version: '0.1.0',
       meta: [Object] },
    name: 'mojito-controller-context',
    id: 'yui-module--mojito-controller-context',
    url: '/static/mojito/autoload/controller-context.common.js' },
  { source: { fs: [Object], pkg: [Object] },
    mojit: 'shared',
    type: 'yui-module',
    affinity: { affinity: 'common' },
    selector: '*',
    yui: { name: 'mojito-dispatcher', version: '0.1.0', meta: [Object] },
    name: 'mojito-dispatcher',
    id: 'yui-module--mojito-dispatcher',
    url: '/static/mojito/autoload/dispatch.common.js' },
  { source: { fs: [Object], pkg: [Object] },
    mojit: 'shared',
    type: 'yui-module',
    affinity: { affinity: 'common' },
    selector: '*',
    yui: { name: 'mojito-loader', version: '0.1.0', meta: [Object] },
    name: 'mojito-loader',
    id: 'yui-module--mojito-loader',
    url: '/static/mojito/autoload/loader.common.js' },
  { source: { fs: [Object], pkg: [Object] },
    mojit: 'shared',
    type: 'yui-module',
    affinity: { affinity: 'common' },
    selector: '*',
    yui: { name: 'mojito-logger', version: '0.1.0', meta: [Object] },
    name: 'mojito-logger',
    id: 'yui-module--mojito-logger',
    url: '/static/mojito/autoload/logger.common.js' },
  { source: { fs: [Object], pkg: [Object] },
    mojit: 'shared',
    type: 'yui-module',
    affinity: { affinity: 'common' },
    selector: '*',
    yui: { name: 'mojito-test', version: '0.1.0', meta: [Object] },
    name: 'mojito-test',
    id: 'yui-module--mojito-test',
    url: '/static/mojito/autoload/mojito-test.common.js' },
  { source: { fs: [Object], pkg: [Object] },
    mojit: 'shared',
    type: 'yui-module',
    affinity: { affinity: 'common' },
    selector: '*',
    yui: { name: 'mojito', version: '0.1.0', meta: [Object] },
    name: 'mojito',
    id: 'yui-module--mojito',
    url: '/static/mojito/autoload/mojito.common.js' },
  { source: { fs: [Object], pkg: [Object] },
    mojit: 'shared',
    type: 'yui-module',
    affinity: { affinity: 'server' },
    selector: '*',
    yui: { name: 'mojito-perf', version: undefined, meta: [Object] },
    name: 'mojito-perf',
    id: 'yui-module--mojito-perf',
    url: '/static/mojito/autoload/perf.server.js' },
  { source: { fs: [Object], pkg: [Object] },
    mojit: 'shared',
    type: 'yui-module',
    affinity: { affinity: 'common' },
    selector: '*',
    yui: 
     { name: 'mojito-resource-store-adapter',
       version: '0.1.0',
       meta: [Object] },
    name: 'mojito-resource-store-adapter',
    id: 'yui-module--mojito-resource-store-adapter',
    url: '/static/mojito/autoload/resource-store-adapter.common.js' },
  { source: { fs: [Object], pkg: [Object] },
    mojit: 'shared',
    type: 'yui-module',
    affinity: { affinity: 'common' },
    selector: '*',
    yui: { name: 'mojito-rest-lib', version: '0.1.0', meta: [Object] },
    name: 'mojito-rest-lib',
    id: 'yui-module--mojito-rest-lib',
    url: '/static/mojito/autoload/rest.common.js' },
  { source: { fs: [Object], pkg: [Object] },
    mojit: 'shared',
    type: 'yui-module',
    affinity: { affinity: 'common' },
    selector: '*',
    yui: { name: 'mojito-route-maker', version: '0.1.0', meta: [Object] },
    name: 'mojito-route-maker',
    id: 'yui-module--mojito-route-maker',
    url: '/static/mojito/autoload/route-maker.common.js' },
  { source: { fs: [Object], pkg: [Object] },
    mojit: 'shared',
    type: 'yui-module',
    affinity: { affinity: 'server' },
    selector: '*',
    yui: { name: 'app-timer-util', version: '0.0.1', meta: [Object] },
    name: 'app-timer-util',
    id: 'yui-module--app-timer-util',
    url: '/static/mojito/autoload/timer-util.server.js' },
  { source: { fs: [Object], pkg: [Object] },
    mojit: 'shared',
    type: 'yui-module',
    affinity: { affinity: 'common' },
    selector: '*',
    yui: { name: 'mojito-util', version: '0.1.0', meta: [Object] },
    name: 'mojito-util',
    id: 'yui-module--mojito-util',
    url: '/static/mojito/autoload/util.common.js' },
  { source: { fs: [Object], pkg: [Object] },
    mojit: 'shared',
    type: 'yui-module',
    affinity: { affinity: 'common' },
    selector: '*',
    yui: 
     { name: 'mojito-view-renderer',
       version: '0.1.0',
       meta: [Object] },
    name: 'mojito-view-renderer',
    id: 'yui-module--mojito-view-renderer',
    url: '/static/mojito/autoload/view-renderer.common.js' } ]
-----------
[]
[ { source: { fs: [Object], pkg: [Object] },
    mojit: 'shared',
    type: 'addon',
    subtype: 'ac',
    affinity: { affinity: 'common' },
    selector: '*',
    name: 'analytics',
    id: 'addon-ac-analytics',
    yui: 
     { name: 'mojito-analytics-addon',
       version: '0.1.0',
       meta: [Object] },
    url: '/static/mojito/addons/ac/analytics.common.js' },
  { source: { fs: [Object], pkg: [Object] },
    mojit: 'shared',
    type: 'addon',
    subtype: 'ac',
    affinity: { affinity: 'common' },
    selector: '*',
    name: 'assets',
    id: 'addon-ac-assets',
    yui: { name: 'mojito-assets-addon', version: '0.1.0', meta: [Object] },
    url: '/static/mojito/addons/ac/assets.common.js' },
  { source: { fs: [Object], pkg: [Object] },
    mojit: 'shared',
    type: 'addon',
    subtype: 'ac',
    affinity: { affinity: 'server' },
    selector: '*',
    name: 'carrier',
    id: 'addon-ac-carrier',
    yui: 
     { name: 'mojito-carrier-addon',
       version: '0.1.0',
       meta: [Object] },
    url: '/static/mojito/addons/ac/carrier.server.js' },
  { source: { fs: [Object], pkg: [Object] },
    mojit: 'shared',
    type: 'addon',
    subtype: 'ac',
    affinity: { affinity: 'common' },
    selector: '*',
    name: 'composite',
    id: 'addon-ac-composite',
    yui: 
     { name: 'mojito-composite-addon',
       version: '0.1.0',
       meta: [Object] },
    url: '/static/mojito/addons/ac/composite.common.js' },
  { source: { fs: [Object], pkg: [Object] },
    mojit: 'shared',
    type: 'addon',
    subtype: 'ac',
    affinity: { affinity: 'common' },
    selector: '*',
    name: 'config',
    id: 'addon-ac-config',
    yui: { name: 'mojito-config-addon', version: '0.1.0', meta: [Object] },
    url: '/static/mojito/addons/ac/config.common.js' },
  { source: { fs: [Object], pkg: [Object] },
    mojit: 'shared',
    type: 'addon',
    subtype: 'ac',
    affinity: { affinity: 'server' },
    selector: '*',
    name: 'cookie',
    id: 'addon-ac-cookie',
    yui: { name: 'mojito-cookie-addon', version: '0.1.0', meta: [Object] },
    url: '/static/mojito/addons/ac/cookie.server.js' },
  { source: { fs: [Object], pkg: [Object] },
    mojit: 'shared',
    type: 'addon',
    subtype: 'ac',
    affinity: { affinity: 'server' },
    selector: '*',
    name: 'deploy',
    id: 'addon-ac-deploy',
    yui: { name: 'mojito-deploy-addon', version: '0.1.0', meta: [Object] },
    url: '/static/mojito/addons/ac/deploy.server.js' },
  { source: { fs: [Object], pkg: [Object] },
    mojit: 'shared',
    type: 'addon',
    subtype: 'ac',
    affinity: { affinity: 'server' },
    selector: '*',
    name: 'device',
    id: 'addon-ac-device',
    yui: { name: 'mojito-device-addon', version: '0.1.0', meta: [Object] },
    url: '/static/mojito/addons/ac/device.server.js' },
  { source: { fs: [Object], pkg: [Object] },
    mojit: 'shared',
    type: 'addon',
    subtype: 'ac',
    affinity: { affinity: 'server' },
    selector: '*',
    name: 'http',
    id: 'addon-ac-http',
    yui: { name: 'mojito-http-addon', version: '0.1.0', meta: [Object] },
    url: '/static/mojito/addons/ac/http.server.js' },
  { source: { fs: [Object], pkg: [Object] },
    mojit: 'shared',
    type: 'addon',
    subtype: 'ac',
    affinity: { affinity: 'common' },
    selector: '*',
    name: 'intl',
    id: 'addon-ac-intl',
    yui: { name: 'mojito-intl-addon', version: '0.1.0', meta: [Object] },
    url: '/static/mojito/addons/ac/intl.common.js' },
  { source: { fs: [Object], pkg: [Object] },
    mojit: 'shared',
    type: 'addon',
    subtype: 'ac',
    affinity: { affinity: 'common' },
    selector: '*',
    name: 'meta',
    id: 'addon-ac-meta',
    yui: { name: 'mojito-meta-addon', version: '0.1.0', meta: [Object] },
    url: '/static/mojito/addons/ac/meta.common.js' },
  { source: { fs: [Object], pkg: [Object] },
    mojit: 'shared',
    type: 'addon',
    subtype: 'ac',
    affinity: { affinity: 'common' },
    selector: '*',
    name: 'models',
    id: 'addon-ac-models',
    yui: { name: 'mojito-models-addon', version: '0.1.0', meta: [Object] },
    url: '/static/mojito/addons/ac/models.common.js' },
  { source: { fs: [Object], pkg: [Object] },
    mojit: 'shared',
    type: 'addon',
    subtype: 'ac',
    affinity: { affinity: 'common' },
    selector: '*',
    name: 'output-adapter',
    id: 'addon-ac-output-adapter',
    yui: 
     { name: 'mojito-output-adapter-addon',
       version: '0.1.0',
       meta: [Object] },
    url: '/static/mojito/addons/ac/output-adapter.common.js' },
  { source: { fs: [Object], pkg: [Object] },
    mojit: 'shared',
    type: 'addon',
    subtype: 'ac',
    affinity: { affinity: 'common' },
    selector: '*',
    name: 'params',
    id: 'addon-ac-params',
    yui: { name: 'mojito-params-addon', version: '0.1.0', meta: [Object] },
    url: '/static/mojito/addons/ac/params.common.js' },
  { source: { fs: [Object], pkg: [Object] },
    mojit: 'shared',
    type: 'addon',
    subtype: 'ac',
    affinity: { affinity: 'common' },
    selector: '*',
    name: 'partial',
    id: 'addon-ac-partial',
    yui: 
     { name: 'mojito-partial-addon',
       version: '0.1.0',
       meta: [Object] },
    url: '/static/mojito/addons/ac/partial.common.js' },
  { source: { fs: [Object], pkg: [Object] },
    mojit: 'shared',
    type: 'addon',
    subtype: 'ac',
    affinity: { affinity: 'common' },
    selector: '*',
    name: 'url',
    id: 'addon-ac-url',
    yui: { name: 'mojito-url-addon', version: '0.1.0', meta: [Object] },
    url: '/static/mojito/addons/ac/url.common.js' },
  { source: { fs: [Object], pkg: [Object] },
    mojit: 'shared',
    type: 'addon',
    subtype: 'view-engines',
    affinity: { affinity: 'server' },
    selector: '*',
    name: 'hb',
    id: 'addon-view-engines-hb',
    yui: { name: 'mojito-hb', version: '0.1.0', meta: [Object] },
    url: '/static/mojito/addons/view-engines/hb.server.js' },
  { source: { fs: [Object], pkg: [Object] },
    mojit: 'shared',
    type: 'addon',
    subtype: 'view-engines',
    affinity: { affinity: 'server' },
    selector: '*',
    name: 'mu',
    id: 'addon-view-engines-mu',
    yui: { name: 'mojito-mu', version: '0.1.0', meta: [Object] },
    url: '/static/mojito/addons/view-engines/mu.server.js' },
  { source: { fs: [Object], pkg: [Object] },
    mojit: 'shared',
    type: 'asset',
    subtype: 'ico',
    affinity: { affinity: 'common' },
    selector: '*',
    name: 'favicon',
    id: 'asset-ico-favicon',
    url: '/static/mojito/assets/favicon.ico' },
  { source: { fs: [Object], pkg: [Object] },
    mojit: 'shared',
    type: 'yui-module',
    affinity: { affinity: 'common' },
    selector: '*',
    yui: 
     { name: 'mojito-action-context',
       version: '0.1.0',
       meta: [Object] },
    name: 'mojito-action-context',
    id: 'yui-module--mojito-action-context',
    url: '/static/mojito/autoload/action-context.common.js' },
  { source: { fs: [Object], pkg: [Object] },
    mojit: 'shared',
    type: 'yui-module',
    affinity: { affinity: 'common' },
    selector: '*',
    yui: 
     { name: 'mojito-controller-context',
       version: '0.1.0',
       meta: [Object] },
    name: 'mojito-controller-context',
    id: 'yui-module--mojito-controller-context',
    url: '/static/mojito/autoload/controller-context.common.js' },
  { source: { fs: [Object], pkg: [Object] },
    mojit: 'shared',
    type: 'yui-module',
    affinity: { affinity: 'common' },
    selector: '*',
    yui: { name: 'mojito-dispatcher', version: '0.1.0', meta: [Object] },
    name: 'mojito-dispatcher',
    id: 'yui-module--mojito-dispatcher',
    url: '/static/mojito/autoload/dispatch.common.js' },
  { source: { fs: [Object], pkg: [Object] },
    mojit: 'shared',
    type: 'yui-module',
    affinity: { affinity: 'common' },
    selector: '*',
    yui: { name: 'mojito-loader', version: '0.1.0', meta: [Object] },
    name: 'mojito-loader',
    id: 'yui-module--mojito-loader',
    url: '/static/mojito/autoload/loader.common.js' },
  { source: { fs: [Object], pkg: [Object] },
    mojit: 'shared',
    type: 'yui-module',
    affinity: { affinity: 'common' },
    selector: '*',
    yui: { name: 'mojito-logger', version: '0.1.0', meta: [Object] },
    name: 'mojito-logger',
    id: 'yui-module--mojito-logger',
    url: '/static/mojito/autoload/logger.common.js' },
  { source: { fs: [Object], pkg: [Object] },
    mojit: 'shared',
    type: 'yui-module',
    affinity: { affinity: 'common' },
    selector: '*',
    yui: { name: 'mojito-test', version: '0.1.0', meta: [Object] },
    name: 'mojito-test',
    id: 'yui-module--mojito-test',
    url: '/static/mojito/autoload/mojito-test.common.js' },
  { source: { fs: [Object], pkg: [Object] },
    mojit: 'shared',
    type: 'yui-module',
    affinity: { affinity: 'common' },
    selector: '*',
    yui: { name: 'mojito', version: '0.1.0', meta: [Object] },
    name: 'mojito',
    id: 'yui-module--mojito',
    url: '/static/mojito/autoload/mojito.common.js' },
  { source: { fs: [Object], pkg: [Object] },
    mojit: 'shared',
    type: 'yui-module',
    affinity: { affinity: 'server' },
    selector: '*',
    yui: { name: 'mojito-perf', version: undefined, meta: [Object] },
    name: 'mojito-perf',
    id: 'yui-module--mojito-perf',
    url: '/static/mojito/autoload/perf.server.js' },
  { source: { fs: [Object], pkg: [Object] },
    mojit: 'shared',
    type: 'yui-module',
    affinity: { affinity: 'common' },
    selector: '*',
    yui: 
     { name: 'mojito-resource-store-adapter',
       version: '0.1.0',
       meta: [Object] },
    name: 'mojito-resource-store-adapter',
    id: 'yui-module--mojito-resource-store-adapter',
    url: '/static/mojito/autoload/resource-store-adapter.common.js' },
  { source: { fs: [Object], pkg: [Object] },
    mojit: 'shared',
    type: 'yui-module',
    affinity: { affinity: 'common' },
    selector: '*',
    yui: { name: 'mojito-rest-lib', version: '0.1.0', meta: [Object] },
    name: 'mojito-rest-lib',
    id: 'yui-module--mojito-rest-lib',
    url: '/static/mojito/autoload/rest.common.js' },
  { source: { fs: [Object], pkg: [Object] },
    mojit: 'shared',
    type: 'yui-module',
    affinity: { affinity: 'common' },
    selector: '*',
    yui: { name: 'mojito-route-maker', version: '0.1.0', meta: [Object] },
    name: 'mojito-route-maker',
    id: 'yui-module--mojito-route-maker',
    url: '/static/mojito/autoload/route-maker.common.js' },
  { source: { fs: [Object], pkg: [Object] },
    mojit: 'shared',
    type: 'yui-module',
    affinity: { affinity: 'server' },
    selector: '*',
    yui: { name: 'app-timer-util', version: '0.0.1', meta: [Object] },
    name: 'app-timer-util',
    id: 'yui-module--app-timer-util',
    url: '/static/mojito/autoload/timer-util.server.js' },
  { source: { fs: [Object], pkg: [Object] },
    mojit: 'shared',
    type: 'yui-module',
    affinity: { affinity: 'common' },
    selector: '*',
    yui: { name: 'mojito-util', version: '0.1.0', meta: [Object] },
    name: 'mojito-util',
    id: 'yui-module--mojito-util',
    url: '/static/mojito/autoload/util.common.js' },
  { source: { fs: [Object], pkg: [Object] },
    mojit: 'shared',
    type: 'yui-module',
    affinity: { affinity: 'common' },
    selector: '*',
    yui: 
     { name: 'mojito-view-renderer',
       version: '0.1.0',
       meta: [Object] },
    name: 'mojito-view-renderer',
    id: 'yui-module--mojito-view-renderer',
    url: '/static/mojito/autoload/view-renderer.common.js' },
  { source: { fs: [Object], pkg: [Object] },
    mojit: 'HTMLFrameMojit',
    type: 'controller',
    subtype: undefined,
    affinity: { affinity: 'server' },
    selector: '*',
    name: 'controller',
    id: 'controller--controller',
    yui: { name: 'HTMLFrameMojit', version: '0.1.0', meta: [Object] } },
  { source: { fs: [Object], pkg: [Object] },
    type: 'config',
    affinity: { affinity: 'common' },
    selector: '*',
    mojit: 'HTMLFrameMojit',
    name: 'definition',
    id: 'config--definition' },
  { source: { fs: [Object], pkg: [Object] },
    mojit: 'HTMLFrameMojit',
    type: 'view',
    subtype: undefined,
    view: { outputFormat: 'html', engine: 'hb' },
    affinity: { affinity: 'common' },
    selector: '*',
    name: 'index',
    id: 'view--index' } ]
-----------
[]
[ { source: { fs: [Object], pkg: [Object] },
    mojit: 'shared',
    type: 'addon',
    subtype: 'ac',
    affinity: { affinity: 'common' },
    selector: '*',
    name: 'analytics',
    id: 'addon-ac-analytics',
    yui: 
     { name: 'mojito-analytics-addon',
       version: '0.1.0',
       meta: [Object] },
    url: '/static/mojito/addons/ac/analytics.common.js' },
  { source: { fs: [Object], pkg: [Object] },
    mojit: 'shared',
    type: 'addon',
    subtype: 'ac',
    affinity: { affinity: 'common' },
    selector: '*',
    name: 'assets',
    id: 'addon-ac-assets',
    yui: { name: 'mojito-assets-addon', version: '0.1.0', meta: [Object] },
    url: '/static/mojito/addons/ac/assets.common.js' },
  { source: { fs: [Object], pkg: [Object] },
    mojit: 'shared',
    type: 'addon',
    subtype: 'ac',
    affinity: { affinity: 'server' },
    selector: '*',
    name: 'carrier',
    id: 'addon-ac-carrier',
    yui: 
     { name: 'mojito-carrier-addon',
       version: '0.1.0',
       meta: [Object] },
    url: '/static/mojito/addons/ac/carrier.server.js' },
  { source: { fs: [Object], pkg: [Object] },
    mojit: 'shared',
    type: 'addon',
    subtype: 'ac',
    affinity: { affinity: 'common' },
    selector: '*',
    name: 'composite',
    id: 'addon-ac-composite',
    yui: 
     { name: 'mojito-composite-addon',
       version: '0.1.0',
       meta: [Object] },
    url: '/static/mojito/addons/ac/composite.common.js' },
  { source: { fs: [Object], pkg: [Object] },
    mojit: 'shared',
    type: 'addon',
    subtype: 'ac',
    affinity: { affinity: 'common' },
    selector: '*',
    name: 'config',
    id: 'addon-ac-config',
    yui: { name: 'mojito-config-addon', version: '0.1.0', meta: [Object] },
    url: '/static/mojito/addons/ac/config.common.js' },
  { source: { fs: [Object], pkg: [Object] },
    mojit: 'shared',
    type: 'addon',
    subtype: 'ac',
    affinity: { affinity: 'server' },
    selector: '*',
    name: 'cookie',
    id: 'addon-ac-cookie',
    yui: { name: 'mojito-cookie-addon', version: '0.1.0', meta: [Object] },
    url: '/static/mojito/addons/ac/cookie.server.js' },
  { source: { fs: [Object], pkg: [Object] },
    mojit: 'shared',
    type: 'addon',
    subtype: 'ac',
    affinity: { affinity: 'server' },
    selector: '*',
    name: 'deploy',
    id: 'addon-ac-deploy',
    yui: { name: 'mojito-deploy-addon', version: '0.1.0', meta: [Object] },
    url: '/static/mojito/addons/ac/deploy.server.js' },
  { source: { fs: [Object], pkg: [Object] },
    mojit: 'shared',
    type: 'addon',
    subtype: 'ac',
    affinity: { affinity: 'server' },
    selector: '*',
    name: 'device',
    id: 'addon-ac-device',
    yui: { name: 'mojito-device-addon', version: '0.1.0', meta: [Object] },
    url: '/static/mojito/addons/ac/device.server.js' },
  { source: { fs: [Object], pkg: [Object] },
    mojit: 'shared',
    type: 'addon',
    subtype: 'ac',
    affinity: { affinity: 'server' },
    selector: '*',
    name: 'http',
    id: 'addon-ac-http',
    yui: { name: 'mojito-http-addon', version: '0.1.0', meta: [Object] },
    url: '/static/mojito/addons/ac/http.server.js' },
  { source: { fs: [Object], pkg: [Object] },
    mojit: 'shared',
    type: 'addon',
    subtype: 'ac',
    affinity: { affinity: 'common' },
    selector: '*',
    name: 'intl',
    id: 'addon-ac-intl',
    yui: { name: 'mojito-intl-addon', version: '0.1.0', meta: [Object] },
    url: '/static/mojito/addons/ac/intl.common.js' },
  { source: { fs: [Object], pkg: [Object] },
    mojit: 'shared',
    type: 'addon',
    subtype: 'ac',
    affinity: { affinity: 'common' },
    selector: '*',
    name: 'meta',
    id: 'addon-ac-meta',
    yui: { name: 'mojito-meta-addon', version: '0.1.0', meta: [Object] },
    url: '/static/mojito/addons/ac/meta.common.js' },
  { source: { fs: [Object], pkg: [Object] },
    mojit: 'shared',
    type: 'addon',
    subtype: 'ac',
    affinity: { affinity: 'common' },
    selector: '*',
    name: 'models',
    id: 'addon-ac-models',
    yui: { name: 'mojito-models-addon', version: '0.1.0', meta: [Object] },
    url: '/static/mojito/addons/ac/models.common.js' },
  { source: { fs: [Object], pkg: [Object] },
    mojit: 'shared',
    type: 'addon',
    subtype: 'ac',
    affinity: { affinity: 'common' },
    selector: '*',
    name: 'output-adapter',
    id: 'addon-ac-output-adapter',
    yui: 
     { name: 'mojito-output-adapter-addon',
       version: '0.1.0',
       meta: [Object] },
    url: '/static/mojito/addons/ac/output-adapter.common.js' },
  { source: { fs: [Object], pkg: [Object] },
    mojit: 'shared',
    type: 'addon',
    subtype: 'ac',
    affinity: { affinity: 'common' },
    selector: '*',
    name: 'params',
    id: 'addon-ac-params',
    yui: { name: 'mojito-params-addon', version: '0.1.0', meta: [Object] },
    url: '/static/mojito/addons/ac/params.common.js' },
  { source: { fs: [Object], pkg: [Object] },
    mojit: 'shared',
    type: 'addon',
    subtype: 'ac',
    affinity: { affinity: 'common' },
    selector: '*',
    name: 'partial',
    id: 'addon-ac-partial',
    yui: 
     { name: 'mojito-partial-addon',
       version: '0.1.0',
       meta: [Object] },
    url: '/static/mojito/addons/ac/partial.common.js' },
  { source: { fs: [Object], pkg: [Object] },
    mojit: 'shared',
    type: 'addon',
    subtype: 'ac',
    affinity: { affinity: 'common' },
    selector: '*',
    name: 'url',
    id: 'addon-ac-url',
    yui: { name: 'mojito-url-addon', version: '0.1.0', meta: [Object] },
    url: '/static/mojito/addons/ac/url.common.js' },
  { source: { fs: [Object], pkg: [Object] },
    mojit: 'shared',
    type: 'addon',
    subtype: 'view-engines',
    affinity: { affinity: 'server' },
    selector: '*',
    name: 'hb',
    id: 'addon-view-engines-hb',
    yui: { name: 'mojito-hb', version: '0.1.0', meta: [Object] },
    url: '/static/mojito/addons/view-engines/hb.server.js' },
  { source: { fs: [Object], pkg: [Object] },
    mojit: 'shared',
    type: 'addon',
    subtype: 'view-engines',
    affinity: { affinity: 'server' },
    selector: '*',
    name: 'mu',
    id: 'addon-view-engines-mu',
    yui: { name: 'mojito-mu', version: '0.1.0', meta: [Object] },
    url: '/static/mojito/addons/view-engines/mu.server.js' },
  { source: { fs: [Object], pkg: [Object] },
    mojit: 'shared',
    type: 'asset',
    subtype: 'ico',
    affinity: { affinity: 'common' },
    selector: '*',
    name: 'favicon',
    id: 'asset-ico-favicon',
    url: '/static/mojito/assets/favicon.ico' },
  { source: { fs: [Object], pkg: [Object] },
    mojit: 'shared',
    type: 'yui-module',
    affinity: { affinity: 'common' },
    selector: '*',
    yui: 
     { name: 'mojito-action-context',
       version: '0.1.0',
       meta: [Object] },
    name: 'mojito-action-context',
    id: 'yui-module--mojito-action-context',
    url: '/static/mojito/autoload/action-context.common.js' },
  { source: { fs: [Object], pkg: [Object] },
    mojit: 'shared',
    type: 'yui-module',
    affinity: { affinity: 'common' },
    selector: '*',
    yui: 
     { name: 'mojito-controller-context',
       version: '0.1.0',
       meta: [Object] },
    name: 'mojito-controller-context',
    id: 'yui-module--mojito-controller-context',
    url: '/static/mojito/autoload/controller-context.common.js' },
  { source: { fs: [Object], pkg: [Object] },
    mojit: 'shared',
    type: 'yui-module',
    affinity: { affinity: 'common' },
    selector: '*',
    yui: { name: 'mojito-dispatcher', version: '0.1.0', meta: [Object] },
    name: 'mojito-dispatcher',
    id: 'yui-module--mojito-dispatcher',
    url: '/static/mojito/autoload/dispatch.common.js' },
  { source: { fs: [Object], pkg: [Object] },
    mojit: 'shared',
    type: 'yui-module',
    affinity: { affinity: 'common' },
    selector: '*',
    yui: { name: 'mojito-loader', version: '0.1.0', meta: [Object] },
    name: 'mojito-loader',
    id: 'yui-module--mojito-loader',
    url: '/static/mojito/autoload/loader.common.js' },
  { source: { fs: [Object], pkg: [Object] },
    mojit: 'shared',
    type: 'yui-module',
    affinity: { affinity: 'common' },
    selector: '*',
    yui: { name: 'mojito-logger', version: '0.1.0', meta: [Object] },
    name: 'mojito-logger',
    id: 'yui-module--mojito-logger',
    url: '/static/mojito/autoload/logger.common.js' },
  { source: { fs: [Object], pkg: [Object] },
    mojit: 'shared',
    type: 'yui-module',
    affinity: { affinity: 'common' },
    selector: '*',
    yui: { name: 'mojito-test', version: '0.1.0', meta: [Object] },
    name: 'mojito-test',
    id: 'yui-module--mojito-test',
    url: '/static/mojito/autoload/mojito-test.common.js' },
  { source: { fs: [Object], pkg: [Object] },
    mojit: 'shared',
    type: 'yui-module',
    affinity: { affinity: 'common' },
    selector: '*',
    yui: { name: 'mojito', version: '0.1.0', meta: [Object] },
    name: 'mojito',
    id: 'yui-module--mojito',
    url: '/static/mojito/autoload/mojito.common.js' },
  { source: { fs: [Object], pkg: [Object] },
    mojit: 'shared',
    type: 'yui-module',
    affinity: { affinity: 'server' },
    selector: '*',
    yui: { name: 'mojito-perf', version: undefined, meta: [Object] },
    name: 'mojito-perf',
    id: 'yui-module--mojito-perf',
    url: '/static/mojito/autoload/perf.server.js' },
  { source: { fs: [Object], pkg: [Object] },
    mojit: 'shared',
    type: 'yui-module',
    affinity: { affinity: 'common' },
    selector: '*',
    yui: 
     { name: 'mojito-resource-store-adapter',
       version: '0.1.0',
       meta: [Object] },
    name: 'mojito-resource-store-adapter',
    id: 'yui-module--mojito-resource-store-adapter',
    url: '/static/mojito/autoload/resource-store-adapter.common.js' },
  { source: { fs: [Object], pkg: [Object] },
    mojit: 'shared',
    type: 'yui-module',
    affinity: { affinity: 'common' },
    selector: '*',
    yui: { name: 'mojito-rest-lib', version: '0.1.0', meta: [Object] },
    name: 'mojito-rest-lib',
    id: 'yui-module--mojito-rest-lib',
    url: '/static/mojito/autoload/rest.common.js' },
  { source: { fs: [Object], pkg: [Object] },
    mojit: 'shared',
    type: 'yui-module',
    affinity: { affinity: 'common' },
    selector: '*',
    yui: { name: 'mojito-route-maker', version: '0.1.0', meta: [Object] },
    name: 'mojito-route-maker',
    id: 'yui-module--mojito-route-maker',
    url: '/static/mojito/autoload/route-maker.common.js' },
  { source: { fs: [Object], pkg: [Object] },
    mojit: 'shared',
    type: 'yui-module',
    affinity: { affinity: 'server' },
    selector: '*',
    yui: { name: 'app-timer-util', version: '0.0.1', meta: [Object] },
    name: 'app-timer-util',
    id: 'yui-module--app-timer-util',
    url: '/static/mojito/autoload/timer-util.server.js' },
  { source: { fs: [Object], pkg: [Object] },
    mojit: 'shared',
    type: 'yui-module',
    affinity: { affinity: 'common' },
    selector: '*',
    yui: { name: 'mojito-util', version: '0.1.0', meta: [Object] },
    name: 'mojito-util',
    id: 'yui-module--mojito-util',
    url: '/static/mojito/autoload/util.common.js' },
  { source: { fs: [Object], pkg: [Object] },
    mojit: 'shared',
    type: 'yui-module',
    affinity: { affinity: 'common' },
    selector: '*',
    yui: 
     { name: 'mojito-view-renderer',
       version: '0.1.0',
       meta: [Object] },
    name: 'mojito-view-renderer',
    id: 'yui-module--mojito-view-renderer',
    url: '/static/mojito/autoload/view-renderer.common.js' },
  { source: { fs: [Object], pkg: [Object] },
    mojit: 'LazyLoad',
    type: 'binder',
    subtype: undefined,
    affinity: { affinity: 'common' },
    selector: '*',
    name: 'index',
    id: 'binder--index',
    yui: { name: 'LazyLoadBinderIndex', version: '0.0.1', meta: [Object] },
    url: '/static/LazyLoad/binders/index.js' },
  { source: { fs: [Object], pkg: [Object] },
    mojit: 'LazyLoad',
    type: 'controller',
    subtype: undefined,
    affinity: { affinity: 'common' },
    selector: '*',
    name: 'controller',
    id: 'controller--controller',
    yui: { name: 'LazyLoad', version: '0.0.1', meta: [Object] },
    url: '/static/LazyLoad/controller.common.js' },
  { source: { fs: [Object], pkg: [Object] },
    mojit: 'LazyLoad',
    type: 'view',
    subtype: undefined,
    view: { outputFormat: 'html', engine: 'hb' },
    affinity: { affinity: 'common' },
    selector: '*',
    name: 'index',
    id: 'view--index',
    url: '/static/LazyLoad/views/index.hb.html' } ]
-----------
[]
[ { source: { fs: [Object], pkg: [Object] },
    mojit: 'shared',
    type: 'addon',
    subtype: 'ac',
    affinity: { affinity: 'common' },
    selector: '*',
    name: 'analytics',
    id: 'addon-ac-analytics',
    yui: 
     { name: 'mojito-analytics-addon',
       version: '0.1.0',
       meta: [Object] },
    url: '/static/mojito/addons/ac/analytics.common.js' },
  { source: { fs: [Object], pkg: [Object] },
    mojit: 'shared',
    type: 'addon',
    subtype: 'ac',
    affinity: { affinity: 'common' },
    selector: '*',
    name: 'assets',
    id: 'addon-ac-assets',
    yui: { name: 'mojito-assets-addon', version: '0.1.0', meta: [Object] },
    url: '/static/mojito/addons/ac/assets.common.js' },
  { source: { fs: [Object], pkg: [Object] },
    mojit: 'shared',
    type: 'addon',
    subtype: 'ac',
    affinity: { affinity: 'server' },
    selector: '*',
    name: 'carrier',
    id: 'addon-ac-carrier',
    yui: 
     { name: 'mojito-carrier-addon',
       version: '0.1.0',
       meta: [Object] },
    url: '/static/mojito/addons/ac/carrier.server.js' },
  { source: { fs: [Object], pkg: [Object] },
    mojit: 'shared',
    type: 'addon',
    subtype: 'ac',
    affinity: { affinity: 'common' },
    selector: '*',
    name: 'composite',
    id: 'addon-ac-composite',
    yui: 
     { name: 'mojito-composite-addon',
       version: '0.1.0',
       meta: [Object] },
    url: '/static/mojito/addons/ac/composite.common.js' },
  { source: { fs: [Object], pkg: [Object] },
    mojit: 'shared',
    type: 'addon',
    subtype: 'ac',
    affinity: { affinity: 'common' },
    selector: '*',
    name: 'config',
    id: 'addon-ac-config',
    yui: { name: 'mojito-config-addon', version: '0.1.0', meta: [Object] },
    url: '/static/mojito/addons/ac/config.common.js' },
  { source: { fs: [Object], pkg: [Object] },
    mojit: 'shared',
    type: 'addon',
    subtype: 'ac',
    affinity: { affinity: 'server' },
    selector: '*',
    name: 'cookie',
    id: 'addon-ac-cookie',
    yui: { name: 'mojito-cookie-addon', version: '0.1.0', meta: [Object] },
    url: '/static/mojito/addons/ac/cookie.server.js' },
  { source: { fs: [Object], pkg: [Object] },
    mojit: 'shared',
    type: 'addon',
    subtype: 'ac',
    affinity: { affinity: 'server' },
    selector: '*',
    name: 'deploy',
    id: 'addon-ac-deploy',
    yui: { name: 'mojito-deploy-addon', version: '0.1.0', meta: [Object] },
    url: '/static/mojito/addons/ac/deploy.server.js' },
  { source: { fs: [Object], pkg: [Object] },
    mojit: 'shared',
    type: 'addon',
    subtype: 'ac',
    affinity: { affinity: 'server' },
    selector: '*',
    name: 'device',
    id: 'addon-ac-device',
    yui: { name: 'mojito-device-addon', version: '0.1.0', meta: [Object] },
    url: '/static/mojito/addons/ac/device.server.js' },
  { source: { fs: [Object], pkg: [Object] },
    mojit: 'shared',
    type: 'addon',
    subtype: 'ac',
    affinity: { affinity: 'server' },
    selector: '*',
    name: 'http',
    id: 'addon-ac-http',
    yui: { name: 'mojito-http-addon', version: '0.1.0', meta: [Object] },
    url: '/static/mojito/addons/ac/http.server.js' },
  { source: { fs: [Object], pkg: [Object] },
    mojit: 'shared',
    type: 'addon',
    subtype: 'ac',
    affinity: { affinity: 'common' },
    selector: '*',
    name: 'intl',
    id: 'addon-ac-intl',
    yui: { name: 'mojito-intl-addon', version: '0.1.0', meta: [Object] },
    url: '/static/mojito/addons/ac/intl.common.js' },
  { source: { fs: [Object], pkg: [Object] },
    mojit: 'shared',
    type: 'addon',
    subtype: 'ac',
    affinity: { affinity: 'common' },
    selector: '*',
    name: 'meta',
    id: 'addon-ac-meta',
    yui: { name: 'mojito-meta-addon', version: '0.1.0', meta: [Object] },
    url: '/static/mojito/addons/ac/meta.common.js' },
  { source: { fs: [Object], pkg: [Object] },
    mojit: 'shared',
    type: 'addon',
    subtype: 'ac',
    affinity: { affinity: 'common' },
    selector: '*',
    name: 'models',
    id: 'addon-ac-models',
    yui: { name: 'mojito-models-addon', version: '0.1.0', meta: [Object] },
    url: '/static/mojito/addons/ac/models.common.js' },
  { source: { fs: [Object], pkg: [Object] },
    mojit: 'shared',
    type: 'addon',
    subtype: 'ac',
    affinity: { affinity: 'common' },
    selector: '*',
    name: 'output-adapter',
    id: 'addon-ac-output-adapter',
    yui: 
     { name: 'mojito-output-adapter-addon',
       version: '0.1.0',
       meta: [Object] },
    url: '/static/mojito/addons/ac/output-adapter.common.js' },
  { source: { fs: [Object], pkg: [Object] },
    mojit: 'shared',
    type: 'addon',
    subtype: 'ac',
    affinity: { affinity: 'common' },
    selector: '*',
    name: 'params',
    id: 'addon-ac-params',
    yui: { name: 'mojito-params-addon', version: '0.1.0', meta: [Object] },
    url: '/static/mojito/addons/ac/params.common.js' },
  { source: { fs: [Object], pkg: [Object] },
    mojit: 'shared',
    type: 'addon',
    subtype: 'ac',
    affinity: { affinity: 'common' },
    selector: '*',
    name: 'partial',
    id: 'addon-ac-partial',
    yui: 
     { name: 'mojito-partial-addon',
       version: '0.1.0',
       meta: [Object] },
    url: '/static/mojito/addons/ac/partial.common.js' },
  { source: { fs: [Object], pkg: [Object] },
    mojit: 'shared',
    type: 'addon',
    subtype: 'ac',
    affinity: { affinity: 'common' },
    selector: '*',
    name: 'url',
    id: 'addon-ac-url',
    yui: { name: 'mojito-url-addon', version: '0.1.0', meta: [Object] },
    url: '/static/mojito/addons/ac/url.common.js' },
  { source: { fs: [Object], pkg: [Object] },
    mojit: 'shared',
    type: 'addon',
    subtype: 'view-engines',
    affinity: { affinity: 'server' },
    selector: '*',
    name: 'hb',
    id: 'addon-view-engines-hb',
    yui: { name: 'mojito-hb', version: '0.1.0', meta: [Object] },
    url: '/static/mojito/addons/view-engines/hb.server.js' },
  { source: { fs: [Object], pkg: [Object] },
    mojit: 'shared',
    type: 'addon',
    subtype: 'view-engines',
    affinity: { affinity: 'server' },
    selector: '*',
    name: 'mu',
    id: 'addon-view-engines-mu',
    yui: { name: 'mojito-mu', version: '0.1.0', meta: [Object] },
    url: '/static/mojito/addons/view-engines/mu.server.js' },
  { source: { fs: [Object], pkg: [Object] },
    mojit: 'shared',
    type: 'asset',
    subtype: 'ico',
    affinity: { affinity: 'common' },
    selector: '*',
    name: 'favicon',
    id: 'asset-ico-favicon',
    url: '/static/mojito/assets/favicon.ico' },
  { source: { fs: [Object], pkg: [Object] },
    mojit: 'shared',
    type: 'yui-module',
    affinity: { affinity: 'common' },
    selector: '*',
    yui: 
     { name: 'mojito-action-context',
       version: '0.1.0',
       meta: [Object] },
    name: 'mojito-action-context',
    id: 'yui-module--mojito-action-context',
    url: '/static/mojito/autoload/action-context.common.js' },
  { source: { fs: [Object], pkg: [Object] },
    mojit: 'shared',
    type: 'yui-module',
    affinity: { affinity: 'common' },
    selector: '*',
    yui: 
     { name: 'mojito-controller-context',
       version: '0.1.0',
       meta: [Object] },
    name: 'mojito-controller-context',
    id: 'yui-module--mojito-controller-context',
    url: '/static/mojito/autoload/controller-context.common.js' },
  { source: { fs: [Object], pkg: [Object] },
    mojit: 'shared',
    type: 'yui-module',
    affinity: { affinity: 'common' },
    selector: '*',
    yui: { name: 'mojito-dispatcher', version: '0.1.0', meta: [Object] },
    name: 'mojito-dispatcher',
    id: 'yui-module--mojito-dispatcher',
    url: '/static/mojito/autoload/dispatch.common.js' },
  { source: { fs: [Object], pkg: [Object] },
    mojit: 'shared',
    type: 'yui-module',
    affinity: { affinity: 'common' },
    selector: '*',
    yui: { name: 'mojito-loader', version: '0.1.0', meta: [Object] },
    name: 'mojito-loader',
    id: 'yui-module--mojito-loader',
    url: '/static/mojito/autoload/loader.common.js' },
  { source: { fs: [Object], pkg: [Object] },
    mojit: 'shared',
    type: 'yui-module',
    affinity: { affinity: 'common' },
    selector: '*',
    yui: { name: 'mojito-logger', version: '0.1.0', meta: [Object] },
    name: 'mojito-logger',
    id: 'yui-module--mojito-logger',
    url: '/static/mojito/autoload/logger.common.js' },
  { source: { fs: [Object], pkg: [Object] },
    mojit: 'shared',
    type: 'yui-module',
    affinity: { affinity: 'common' },
    selector: '*',
    yui: { name: 'mojito-test', version: '0.1.0', meta: [Object] },
    name: 'mojito-test',
    id: 'yui-module--mojito-test',
    url: '/static/mojito/autoload/mojito-test.common.js' },
  { source: { fs: [Object], pkg: [Object] },
    mojit: 'shared',
    type: 'yui-module',
    affinity: { affinity: 'common' },
    selector: '*',
    yui: { name: 'mojito', version: '0.1.0', meta: [Object] },
    name: 'mojito',
    id: 'yui-module--mojito',
    url: '/static/mojito/autoload/mojito.common.js' },
  { source: { fs: [Object], pkg: [Object] },
    mojit: 'shared',
    type: 'yui-module',
    affinity: { affinity: 'server' },
    selector: '*',
    yui: { name: 'mojito-perf', version: undefined, meta: [Object] },
    name: 'mojito-perf',
    id: 'yui-module--mojito-perf',
    url: '/static/mojito/autoload/perf.server.js' },
  { source: { fs: [Object], pkg: [Object] },
    mojit: 'shared',
    type: 'yui-module',
    affinity: { affinity: 'common' },
    selector: '*',
    yui: 
     { name: 'mojito-resource-store-adapter',
       version: '0.1.0',
       meta: [Object] },
    name: 'mojito-resource-store-adapter',
    id: 'yui-module--mojito-resource-store-adapter',
    url: '/static/mojito/autoload/resource-store-adapter.common.js' },
  { source: { fs: [Object], pkg: [Object] },
    mojit: 'shared',
    type: 'yui-module',
    affinity: { affinity: 'common' },
    selector: '*',
    yui: { name: 'mojito-rest-lib', version: '0.1.0', meta: [Object] },
    name: 'mojito-rest-lib',
    id: 'yui-module--mojito-rest-lib',
    url: '/static/mojito/autoload/rest.common.js' },
  { source: { fs: [Object], pkg: [Object] },
    mojit: 'shared',
    type: 'yui-module',
    affinity: { affinity: 'common' },
    selector: '*',
    yui: { name: 'mojito-route-maker', version: '0.1.0', meta: [Object] },
    name: 'mojito-route-maker',
    id: 'yui-module--mojito-route-maker',
    url: '/static/mojito/autoload/route-maker.common.js' },
  { source: { fs: [Object], pkg: [Object] },
    mojit: 'shared',
    type: 'yui-module',
    affinity: { affinity: 'server' },
    selector: '*',
    yui: { name: 'app-timer-util', version: '0.0.1', meta: [Object] },
    name: 'app-timer-util',
    id: 'yui-module--app-timer-util',
    url: '/static/mojito/autoload/timer-util.server.js' },
  { source: { fs: [Object], pkg: [Object] },
    mojit: 'shared',
    type: 'yui-module',
    affinity: { affinity: 'common' },
    selector: '*',
    yui: { name: 'mojito-util', version: '0.1.0', meta: [Object] },
    name: 'mojito-util',
    id: 'yui-module--mojito-util',
    url: '/static/mojito/autoload/util.common.js' },
  { source: { fs: [Object], pkg: [Object] },
    mojit: 'shared',
    type: 'yui-module',
    affinity: { affinity: 'common' },
    selector: '*',
    yui: 
     { name: 'mojito-view-renderer',
       version: '0.1.0',
       meta: [Object] },
    name: 'mojito-view-renderer',
    id: 'yui-module--mojito-view-renderer',
    url: '/static/mojito/autoload/view-renderer.common.js' },
  { source: { fs: [Object], pkg: [Object] },
    mojit: 'TunnelProxy',
    type: 'yui-module',
    affinity: { affinity: 'server' },
    selector: '*',
    yui: 
     { name: 'tunnel-store-provider-addon',
       version: '0.1.0',
       meta: [Object] },
    name: 'tunnel-store-provider-addon',
    id: 'yui-module--tunnel-store-provider-addon' },
  { source: { fs: [Object], pkg: [Object] },
    mojit: 'TunnelProxy',
    type: 'controller',
    subtype: undefined,
    affinity: { affinity: 'server' },
    selector: '*',
    name: 'controller',
    id: 'controller--controller',
    yui: { name: 'TunnelProxy', version: '0.1.0', meta: [Object] } },
  { source: { fs: [Object], pkg: [Object] },
    type: 'config',
    affinity: { affinity: 'common' },
    selector: '*',
    mojit: 'TunnelProxy',
    name: 'defaults',
    id: 'config--defaults' },
  { source: { fs: [Object], pkg: [Object] },
    type: 'config',
    affinity: { affinity: 'common' },
    selector: '*',
    mojit: 'TunnelProxy',
    name: 'definition',
    id: 'config--definition' } ]
-----------
[]


 	Mojito started 'mojito-perftest' on http://localhost:8666/

